<?xml version="1.0" encoding="UTF-8" ?>
<testsuite errors="1" failures="2" hostname="AngelJr" name="ec.edu.espe.Products.model.NewProductTest" skipped="0" tests="3" time="11.283" timestamp="2022-02-14T21:46:43">
  <properties>
[...]
</properties>
  <testcase classname="ec.edu.espe.Products.model.NewProductTest" name="testMain" time="0.88">
    <failure message="The test case is a prototype." type="junit.framework.AssertionFailedError">junit.framework.AssertionFailedError: The test case is a prototype.
	at ec.edu.espe.Products.model.NewProductTest.testMain(NewProductTest.java:55)
	at java.base/jdk.internal.reflect.NativeMethodAccessorImpl.invoke0(Native Method)
	at java.base/jdk.internal.reflect.NativeMethodAccessorImpl.invoke(NativeMethodAccessorImpl.java:77)
	at java.base/jdk.internal.reflect.DelegatingMethodAccessorImpl.invoke(DelegatingMethodAccessorImpl.java:43)
</failure>
  </testcase>
  <testcase classname="ec.edu.espe.Products.model.NewProductTest" name="testView" time="10.121">
    <failure message="The test case is a prototype." type="junit.framework.AssertionFailedError">junit.framework.AssertionFailedError: The test case is a prototype.
	at ec.edu.espe.Products.model.NewProductTest.testView(NewProductTest.java:28)
	at java.base/jdk.internal.reflect.NativeMethodAccessorImpl.invoke0(Native Method)
	at java.base/jdk.internal.reflect.NativeMethodAccessorImpl.invoke(NativeMethodAccessorImpl.java:77)
	at java.base/jdk.internal.reflect.DelegatingMethodAccessorImpl.invoke(DelegatingMethodAccessorImpl.java:43)
</failure>
  </testcase>
  <testcase classname="ec.edu.espe.Products.model.NewProductTest" name="testDelete" time="0.116">
    <error message="invalid hexadecimal representation of an ObjectId: [25]" type="java.lang.IllegalArgumentException">java.lang.IllegalArgumentException: invalid hexadecimal representation of an ObjectId: [25]
	at org.bson.types.ObjectId.parseHexString(ObjectId.java:529)
	at org.bson.types.ObjectId.&lt;init&gt;(ObjectId.java:205)
	at ec.edu.espe.Products.model.NewProduct.Delete(NewProduct.java:231)
	at ec.edu.espe.Products.model.NewProductTest.testDelete(NewProductTest.java:40)
	at java.base/jdk.internal.reflect.NativeMethodAccessorImpl.invoke0(Native Method)
	at java.base/jdk.internal.reflect.NativeMethodAccessorImpl.invoke(NativeMethodAccessorImpl.java:77)
	at java.base/jdk.internal.reflect.DelegatingMethodAccessorImpl.invoke(DelegatingMethodAccessorImpl.java:43)
</error>
  </testcase>
  <system-out><![CDATA[main
view
Delete
]]></system-out>
  <system-err><![CDATA[feb. 14, 2022 4:46:47 P. M. com.mongodb.diagnostics.logging.JULLogger log
INFO: Cluster created with settings {hosts=[127.0.0.1:27017], srvHost=cluster0.rac7v.mongodb.net, mode=MULTIPLE, requiredClusterType=REPLICA_SET, serverSelectionTimeout='30000 ms', maxWaitQueueSize=500, requiredReplicaSetName='atlas-asx38u-shard-0'}
feb. 14, 2022 4:46:47 P. M. com.mongodb.diagnostics.logging.JULLogger log
INFO: Cluster created with settings {hosts=[127.0.0.1:27017], srvHost=cluster0.rac7v.mongodb.net, mode=MULTIPLE, requiredClusterType=REPLICA_SET, serverSelectionTimeout='30000 ms', maxWaitQueueSize=500, requiredReplicaSetName='atlas-asx38u-shard-0'}
feb. 14, 2022 4:46:47 P. M. com.mongodb.diagnostics.logging.JULLogger log
INFO: Adding discovered server cluster0-shard-00-02.rac7v.mongodb.net:27017 to client view of cluster
feb. 14, 2022 4:46:47 P. M. com.mongodb.diagnostics.logging.JULLogger log
INFO: Adding discovered server cluster0-shard-00-02.rac7v.mongodb.net:27017 to client view of cluster
feb. 14, 2022 4:46:48 P. M. com.mongodb.diagnostics.logging.JULLogger log
INFO: Adding discovered server cluster0-shard-00-01.rac7v.mongodb.net:27017 to client view of cluster
feb. 14, 2022 4:46:48 P. M. com.mongodb.diagnostics.logging.JULLogger log
INFO: Adding discovered server cluster0-shard-00-01.rac7v.mongodb.net:27017 to client view of cluster
feb. 14, 2022 4:46:48 P. M. com.mongodb.diagnostics.logging.JULLogger log
INFO: Adding discovered server cluster0-shard-00-00.rac7v.mongodb.net:27017 to client view of cluster
feb. 14, 2022 4:46:48 P. M. com.mongodb.diagnostics.logging.JULLogger log
INFO: Adding discovered server cluster0-shard-00-00.rac7v.mongodb.net:27017 to client view of cluster
feb. 14, 2022 4:46:51 P. M. com.mongodb.diagnostics.logging.JULLogger log
INFO: No server chosen by com.mongodb.client.internal.MongoClientDelegate$1@740fb309 from cluster description ClusterDescription{type=REPLICA_SET, connectionMode=MULTIPLE, serverDescriptions=[ServerDescription{address=cluster0-shard-00-01.rac7v.mongodb.net:27017, type=UNKNOWN, state=CONNECTING}, ServerDescription{address=cluster0-shard-00-00.rac7v.mongodb.net:27017, type=UNKNOWN, state=CONNECTING}, ServerDescription{address=cluster0-shard-00-02.rac7v.mongodb.net:27017, type=UNKNOWN, state=CONNECTING}]}. Waiting for 30000 ms before timing out
feb. 14, 2022 4:46:53 P. M. com.mongodb.diagnostics.logging.JULLogger log
INFO: Opened connection [connectionId{localValue:6, serverValue:590437}] to cluster0-shard-00-01.rac7v.mongodb.net:27017
feb. 14, 2022 4:46:53 P. M. com.mongodb.diagnostics.logging.JULLogger log
INFO: Opened connection [connectionId{localValue:5, serverValue:337782}] to cluster0-shard-00-02.rac7v.mongodb.net:27017
feb. 14, 2022 4:46:53 P. M. com.mongodb.diagnostics.logging.JULLogger log
INFO: Opened connection [connectionId{localValue:2, serverValue:590437}] to cluster0-shard-00-01.rac7v.mongodb.net:27017
feb. 14, 2022 4:46:53 P. M. com.mongodb.diagnostics.logging.JULLogger log
INFO: Opened connection [connectionId{localValue:3, serverValue:585920}] to cluster0-shard-00-00.rac7v.mongodb.net:27017
feb. 14, 2022 4:46:53 P. M. com.mongodb.diagnostics.logging.JULLogger log
INFO: Opened connection [connectionId{localValue:4, serverValue:585920}] to cluster0-shard-00-00.rac7v.mongodb.net:27017
feb. 14, 2022 4:46:53 P. M. com.mongodb.diagnostics.logging.JULLogger log
INFO: Opened connection [connectionId{localValue:1, serverValue:337782}] to cluster0-shard-00-02.rac7v.mongodb.net:27017
feb. 14, 2022 4:46:53 P. M. com.mongodb.diagnostics.logging.JULLogger log
INFO: Monitor thread successfully connected to server with description ServerDescription{address=cluster0-shard-00-00.rac7v.mongodb.net:27017, type=REPLICA_SET_SECONDARY, state=CONNECTED, ok=true, version=ServerVersion{versionList=[4, 4, 12]}, minWireVersion=0, maxWireVersion=9, maxDocumentSize=16777216, logicalSessionTimeoutMinutes=30, roundTripTimeNanos=89493700, setName='atlas-asx38u-shard-0', canonicalAddress=cluster0-shard-00-00.rac7v.mongodb.net:27017, hosts=[cluster0-shard-00-01.rac7v.mongodb.net:27017, cluster0-shard-00-00.rac7v.mongodb.net:27017, cluster0-shard-00-02.rac7v.mongodb.net:27017], passives=[], arbiters=[], primary='cluster0-shard-00-01.rac7v.mongodb.net:27017', tagSet=TagSet{[Tag{name='nodeType', value='ELECTABLE'}, Tag{name='provider', value='AWS'}, Tag{name='region', value='US_EAST_1'}, Tag{name='workloadType', value='OPERATIONAL'}]}, electionId=null, setVersion=9, lastWriteDate=Mon Feb 14 16:46:53 ECT 2022, lastUpdateTimeNanos=103378215282100}
feb. 14, 2022 4:46:53 P. M. com.mongodb.diagnostics.logging.JULLogger log
INFO: Monitor thread successfully connected to server with description ServerDescription{address=cluster0-shard-00-02.rac7v.mongodb.net:27017, type=REPLICA_SET_SECONDARY, state=CONNECTED, ok=true, version=ServerVersion{versionList=[4, 4, 12]}, minWireVersion=0, maxWireVersion=9, maxDocumentSize=16777216, logicalSessionTimeoutMinutes=30, roundTripTimeNanos=90413100, setName='atlas-asx38u-shard-0', canonicalAddress=cluster0-shard-00-02.rac7v.mongodb.net:27017, hosts=[cluster0-shard-00-01.rac7v.mongodb.net:27017, cluster0-shard-00-00.rac7v.mongodb.net:27017, cluster0-shard-00-02.rac7v.mongodb.net:27017], passives=[], arbiters=[], primary='cluster0-shard-00-01.rac7v.mongodb.net:27017', tagSet=TagSet{[Tag{name='nodeType', value='ELECTABLE'}, Tag{name='provider', value='AWS'}, Tag{name='region', value='US_EAST_1'}, Tag{name='workloadType', value='OPERATIONAL'}]}, electionId=null, setVersion=9, lastWriteDate=Mon Feb 14 16:46:53 ECT 2022, lastUpdateTimeNanos=103378219483100}
feb. 14, 2022 4:46:53 P. M. com.mongodb.diagnostics.logging.JULLogger log
INFO: Monitor thread successfully connected to server with description ServerDescription{address=cluster0-shard-00-01.rac7v.mongodb.net:27017, type=REPLICA_SET_PRIMARY, state=CONNECTED, ok=true, version=ServerVersion{versionList=[4, 4, 12]}, minWireVersion=0, maxWireVersion=9, maxDocumentSize=16777216, logicalSessionTimeoutMinutes=30, roundTripTimeNanos=95755100, setName='atlas-asx38u-shard-0', canonicalAddress=cluster0-shard-00-01.rac7v.mongodb.net:27017, hosts=[cluster0-shard-00-01.rac7v.mongodb.net:27017, cluster0-shard-00-00.rac7v.mongodb.net:27017, cluster0-shard-00-02.rac7v.mongodb.net:27017], passives=[], arbiters=[], primary='cluster0-shard-00-01.rac7v.mongodb.net:27017', tagSet=TagSet{[Tag{name='nodeType', value='ELECTABLE'}, Tag{name='provider', value='AWS'}, Tag{name='region', value='US_EAST_1'}, Tag{name='workloadType', value='OPERATIONAL'}]}, electionId=7fffffff000000000000013a, setVersion=9, lastWriteDate=Mon Feb 14 16:46:53 ECT 2022, lastUpdateTimeNanos=103378219483000}
feb. 14, 2022 4:46:53 P. M. com.mongodb.diagnostics.logging.JULLogger log
INFO: Monitor thread successfully connected to server with description ServerDescription{address=cluster0-shard-00-02.rac7v.mongodb.net:27017, type=REPLICA_SET_SECONDARY, state=CONNECTED, ok=true, version=ServerVersion{versionList=[4, 4, 12]}, minWireVersion=0, maxWireVersion=9, maxDocumentSize=16777216, logicalSessionTimeoutMinutes=30, roundTripTimeNanos=97147200, setName='atlas-asx38u-shard-0', canonicalAddress=cluster0-shard-00-02.rac7v.mongodb.net:27017, hosts=[cluster0-shard-00-01.rac7v.mongodb.net:27017, cluster0-shard-00-00.rac7v.mongodb.net:27017, cluster0-shard-00-02.rac7v.mongodb.net:27017], passives=[], arbiters=[], primary='cluster0-shard-00-01.rac7v.mongodb.net:27017', tagSet=TagSet{[Tag{name='nodeType', value='ELECTABLE'}, Tag{name='provider', value='AWS'}, Tag{name='region', value='US_EAST_1'}, Tag{name='workloadType', value='OPERATIONAL'}]}, electionId=null, setVersion=9, lastWriteDate=Mon Feb 14 16:46:53 ECT 2022, lastUpdateTimeNanos=103378225215600}
feb. 14, 2022 4:46:53 P. M. com.mongodb.diagnostics.logging.JULLogger log
INFO: Monitor thread successfully connected to server with description ServerDescription{address=cluster0-shard-00-01.rac7v.mongodb.net:27017, type=REPLICA_SET_PRIMARY, state=CONNECTED, ok=true, version=ServerVersion{versionList=[4, 4, 12]}, minWireVersion=0, maxWireVersion=9, maxDocumentSize=16777216, logicalSessionTimeoutMinutes=30, roundTripTimeNanos=104242000, setName='atlas-asx38u-shard-0', canonicalAddress=cluster0-shard-00-01.rac7v.mongodb.net:27017, hosts=[cluster0-shard-00-01.rac7v.mongodb.net:27017, cluster0-shard-00-00.rac7v.mongodb.net:27017, cluster0-shard-00-02.rac7v.mongodb.net:27017], passives=[], arbiters=[], primary='cluster0-shard-00-01.rac7v.mongodb.net:27017', tagSet=TagSet{[Tag{name='nodeType', value='ELECTABLE'}, Tag{name='provider', value='AWS'}, Tag{name='region', value='US_EAST_1'}, Tag{name='workloadType', value='OPERATIONAL'}]}, electionId=7fffffff000000000000013a, setVersion=9, lastWriteDate=Mon Feb 14 16:46:53 ECT 2022, lastUpdateTimeNanos=103378226219800}
feb. 14, 2022 4:46:53 P. M. com.mongodb.diagnostics.logging.JULLogger log
INFO: No server chosen by ReadPreferenceServerSelector{readPreference=primary} from cluster description ClusterDescription{type=REPLICA_SET, connectionMode=MULTIPLE, serverDescriptions=[ServerDescription{address=cluster0-shard-00-01.rac7v.mongodb.net:27017, type=UNKNOWN, state=CONNECTING}, ServerDescription{address=cluster0-shard-00-00.rac7v.mongodb.net:27017, type=REPLICA_SET_SECONDARY, state=CONNECTED, ok=true, version=ServerVersion{versionList=[4, 4, 12]}, minWireVersion=0, maxWireVersion=9, maxDocumentSize=16777216, logicalSessionTimeoutMinutes=30, roundTripTimeNanos=89493700, setName='atlas-asx38u-shard-0', canonicalAddress=cluster0-shard-00-00.rac7v.mongodb.net:27017, hosts=[cluster0-shard-00-01.rac7v.mongodb.net:27017, cluster0-shard-00-00.rac7v.mongodb.net:27017, cluster0-shard-00-02.rac7v.mongodb.net:27017], passives=[], arbiters=[], primary='cluster0-shard-00-01.rac7v.mongodb.net:27017', tagSet=TagSet{[Tag{name='nodeType', value='ELECTABLE'}, Tag{name='provider', value='AWS'}, Tag{name='region', value='US_EAST_1'}, Tag{name='workloadType', value='OPERATIONAL'}]}, electionId=null, setVersion=9, lastWriteDate=Mon Feb 14 16:46:53 ECT 2022, lastUpdateTimeNanos=103378215282100}, ServerDescription{address=cluster0-shard-00-02.rac7v.mongodb.net:27017, type=UNKNOWN, state=CONNECTING}]}. Waiting for 30000 ms before timing out
feb. 14, 2022 4:46:53 P. M. com.mongodb.diagnostics.logging.JULLogger log
INFO: Monitor thread successfully connected to server with description ServerDescription{address=cluster0-shard-00-00.rac7v.mongodb.net:27017, type=REPLICA_SET_SECONDARY, state=CONNECTED, ok=true, version=ServerVersion{versionList=[4, 4, 12]}, minWireVersion=0, maxWireVersion=9, maxDocumentSize=16777216, logicalSessionTimeoutMinutes=30, roundTripTimeNanos=88175000, setName='atlas-asx38u-shard-0', canonicalAddress=cluster0-shard-00-00.rac7v.mongodb.net:27017, hosts=[cluster0-shard-00-01.rac7v.mongodb.net:27017, cluster0-shard-00-00.rac7v.mongodb.net:27017, cluster0-shard-00-02.rac7v.mongodb.net:27017], passives=[], arbiters=[], primary='cluster0-shard-00-01.rac7v.mongodb.net:27017', tagSet=TagSet{[Tag{name='nodeType', value='ELECTABLE'}, Tag{name='provider', value='AWS'}, Tag{name='region', value='US_EAST_1'}, Tag{name='workloadType', value='OPERATIONAL'}]}, electionId=null, setVersion=9, lastWriteDate=Mon Feb 14 16:46:53 ECT 2022, lastUpdateTimeNanos=103378215282100}
feb. 14, 2022 4:46:53 P. M. com.mongodb.diagnostics.logging.JULLogger log
INFO: Setting max election id to 7fffffff000000000000013a from replica set primary cluster0-shard-00-01.rac7v.mongodb.net:27017
feb. 14, 2022 4:46:53 P. M. com.mongodb.diagnostics.logging.JULLogger log
INFO: Setting max election id to 7fffffff000000000000013a from replica set primary cluster0-shard-00-01.rac7v.mongodb.net:27017
feb. 14, 2022 4:46:53 P. M. com.mongodb.diagnostics.logging.JULLogger log
INFO: Setting max set version to 9 from replica set primary cluster0-shard-00-01.rac7v.mongodb.net:27017
feb. 14, 2022 4:46:53 P. M. com.mongodb.diagnostics.logging.JULLogger log
INFO: Setting max set version to 9 from replica set primary cluster0-shard-00-01.rac7v.mongodb.net:27017
feb. 14, 2022 4:46:53 P. M. com.mongodb.diagnostics.logging.JULLogger log
INFO: Discovered replica set primary cluster0-shard-00-01.rac7v.mongodb.net:27017
feb. 14, 2022 4:46:53 P. M. com.mongodb.diagnostics.logging.JULLogger log
INFO: Discovered replica set primary cluster0-shard-00-01.rac7v.mongodb.net:27017
feb. 14, 2022 4:46:54 P. M. com.mongodb.diagnostics.logging.JULLogger log
INFO: Opened connection [connectionId{localValue:7, serverValue:590434}] to cluster0-shard-00-01.rac7v.mongodb.net:27017
feb. 14, 2022 4:46:54 P. M. com.mongodb.diagnostics.logging.JULLogger log
INFO: Cluster created with settings {hosts=[127.0.0.1:27017], srvHost=cluster0.rac7v.mongodb.net, mode=MULTIPLE, requiredClusterType=REPLICA_SET, serverSelectionTimeout='30000 ms', maxWaitQueueSize=500, requiredReplicaSetName='atlas-asx38u-shard-0'}
feb. 14, 2022 4:46:54 P. M. com.mongodb.diagnostics.logging.JULLogger log
INFO: Adding discovered server cluster0-shard-00-02.rac7v.mongodb.net:27017 to client view of cluster
feb. 14, 2022 4:46:54 P. M. com.mongodb.diagnostics.logging.JULLogger log
INFO: Adding discovered server cluster0-shard-00-01.rac7v.mongodb.net:27017 to client view of cluster
feb. 14, 2022 4:46:54 P. M. com.mongodb.diagnostics.logging.JULLogger log
INFO: Adding discovered server cluster0-shard-00-00.rac7v.mongodb.net:27017 to client view of cluster
]]></system-err>
</testsuite>
