<?xml version="1.0" encoding="UTF-8" ?>
<testsuite errors="0" failures="0" hostname="MICHELLE" name="ec.edu.espe.house.controller.TelevisionDimensionTest" skipped="0" tests="11" time="0.107" timestamp="2022-02-13T02:26:57">
  <properties>
[...]
</properties>
  <testcase classname="ec.edu.espe.house.controller.TelevisionDimensionTest" name="testCalculateHighOfTvNegativeHighFloat" time="0.008" />
  <testcase classname="ec.edu.espe.house.controller.TelevisionDimensionTest" name="testCalculateHighOfTvNegativeLowIntegers1" time="0.0" />
  <testcase classname="ec.edu.espe.house.controller.TelevisionDimensionTest" name="testCalculateHighOfTvHighIntegers1" time="0.0" />
  <testcase classname="ec.edu.espe.house.controller.TelevisionDimensionTest" name="testCalculateHighOfTvHighIntegers2" time="0.0" />
  <testcase classname="ec.edu.espe.house.controller.TelevisionDimensionTest" name="testCalculateHighOfTvOne" time="0.0" />
  <testcase classname="ec.edu.espe.house.controller.TelevisionDimensionTest" name="testCalculateHighOfTvLowIntegers1" time="0.0" />
  <testcase classname="ec.edu.espe.house.controller.TelevisionDimensionTest" name="testCalculateHighOfTvLowIntegers2" time="0.0" />
  <testcase classname="ec.edu.espe.house.controller.TelevisionDimensionTest" name="testCalculateHighOfTvnegativeLowFloat" time="0.001" />
  <testcase classname="ec.edu.espe.house.controller.TelevisionDimensionTest" name="testCalculateHighOfTvLowFloat1" time="0.0" />
  <testcase classname="ec.edu.espe.house.controller.TelevisionDimensionTest" name="testCalculateWidthOfTvLowIntegers1" time="0.0" />
  <testcase classname="ec.edu.espe.house.controller.TelevisionDimensionTest" name="testCalculateHighOfTvZero" time="0.0" />
  <system-out><![CDATA[calculateHighOfTv
Rounded High Tv value: -3351800.15
calculateHighOfTv
Rounded High Tv value: -99.45
calculateHighOfTv
Rounded High Tv value: 14365.0
calculateHighOfTv
Rounded High Tv value: 277693.13
calculateHighOfTv
Rounded High Tv value: 2.21
calculateHighOfTv
Rounded High Tv value: 70.72
calculateHighOfTv
Rounded High Tv value: 110.5
calculateHighOfTv
Rounded High Tv value: -34.54
calculateHighOfTv
Rounded High Tv value: 133.59
calculateWidthOfTv
calculateHighOfTv
Rounded High Tv value: 0.0
]]></system-out>
  <system-err><![CDATA[]]></system-err>
</testsuite>
